Pioneer2018/build/outputs/logs/manifest-merger-openrc-debug-report.txt
-- Merging decision tree log ---
manifest
ADDED from src\main\AndroidManifest.xml:8:1-13:12
INJECTED from src\main\AndroidManifest.xml:8:1-13:12
INJECTED from src\main\AndroidManifest.xml:8:1-13:12
INJECTED from src\main\AndroidManifest.xml:8:1-13:12
MERGED from [:FtcRobotController] AndroidManifest.xml:2:1-51:12
MERGED from [:Analytics-release:] AndroidManifest.xml:2:1-26:12
MERGED from [:WirelessP2p-release:] AndroidManifest.xml:2:1-11:12
MERGED from [:FtcCommon] AndroidManifest.xml:3:1-225:12
MERGED from [:Hardware] AndroidManifest.xml:2:1-11:12
MERGED from [:Inspection] AndroidManifest.xml:2:1-32:12
MERGED from [:RobotCore] AndroidManifest.xml:2:1-79:12
MERGED from [:OpenRC] AndroidManifest.xml:2:1-17:12
MERGED from [:Turbo] AndroidManifest.xml:2:1-11:12
INJECTED from src\main\AndroidManifest.xml:8:1-13:12
INJECTED from src\main\AndroidManifest.xml:8:1-13:12
INJECTED from src\main\AndroidManifest.xml:8:1-13:12
	package
		ADDED from src\main\AndroidManifest.xml:9:5-48
		INJECTED from src\main\AndroidManifest.xml
		INJECTED from src\main\AndroidManifest.xml
	android:versionName
		INJECTED from src\main\AndroidManifest.xml
		ADDED from src\main\AndroidManifest.xml:8:1-13:12
		INJECTED from src\main\AndroidManifest.xml
	android:versionCode
		INJECTED from src\main\AndroidManifest.xml
		ADDED from src\main\AndroidManifest.xml:8:1-13:12
		INJECTED from src\main\AndroidManifest.xml
	xmlns:android
		ADDED from src\main\AndroidManifest.xml:10:5-63
application
ADDED from src\main\AndroidManifest.xml:12:5-19
MERGED from [:FtcRobotController] AndroidManifest.xml:14:5-49:19
MERGED from [:FtcRobotController] AndroidManifest.xml:14:5-49:19
MERGED from [:Analytics-release:] AndroidManifest.xml:19:5-24:19
MERGED from [:Analytics-release:] AndroidManifest.xml:19:5-24:19
MERGED from [:FtcCommon] AndroidManifest.xml:22:5-223:19
MERGED from [:FtcCommon] AndroidManifest.xml:22:5-223:19
MERGED from [:Inspection] AndroidManifest.xml:19:5-30:19
MERGED from [:Inspection] AndroidManifest.xml:19:5-30:19
MERGED from [:RobotCore] AndroidManifest.xml:67:5-77:19
MERGED from [:RobotCore] AndroidManifest.xml:67:5-77:19
MERGED from [:OpenRC] AndroidManifest.xml:11:5-15:19
MERGED from [:OpenRC] AndroidManifest.xml:11:5-15:19
	android:supportsRtl
		ADDED from [:OpenRC] AndroidManifest.xml:14:9-35
	android:label
		ADDED from [:FtcRobotController] AndroidManifest.xml:16:9-41
	android:exported
		ADDED from [:Analytics-release:] AndroidManifest.xml:21:9-32
	android:icon
		ADDED from [:FtcCommon] AndroidManifest.xml:24:9-43
	android:largeHeap
		ADDED from [:FtcRobotController] AndroidManifest.xml:17:9-33
	android:allowBackup
		ADDED from [:FtcRobotController] AndroidManifest.xml:15:9-35
	android:theme
		ADDED from [:FtcRobotController] AndroidManifest.xml:18:9-45
	android:name
		ADDED from [:RobotCore] AndroidManifest.xml:67:18-97
uses-sdk
INJECTED from src\main\AndroidManifest.xml reason: use-sdk injection requested
INJECTED from src\main\AndroidManifest.xml
INJECTED from src\main\AndroidManifest.xml
MERGED from [:FtcRobotController] AndroidManifest.xml:8:5-10:41
MERGED from [:FtcRobotController] AndroidManifest.xml:8:5-10:41
MERGED from [:Analytics-release:] AndroidManifest.xml:5:5-7:41
MERGED from [:Analytics-release:] AndroidManifest.xml:5:5-7:41
MERGED from [:WirelessP2p-release:] AndroidManifest.xml:5:5-7:41
MERGED from [:WirelessP2p-release:] AndroidManifest.xml:5:5-7:41
MERGED from [:FtcCommon] AndroidManifest.xml:8:5-10:41
MERGED from [:FtcCommon] AndroidManifest.xml:8:5-10:41
MERGED from [:Hardware] AndroidManifest.xml:7:5-9:41
MERGED from [:Hardware] AndroidManifest.xml:7:5-9:41
MERGED from [:Inspection] AndroidManifest.xml:7:5-9:41
MERGED from [:Inspection] AndroidManifest.xml:7:5-9:41
MERGED from [:RobotCore] AndroidManifest.xml:7:5-9:41
MERGED from [:RobotCore] AndroidManifest.xml:7:5-9:41
MERGED from [:OpenRC] AndroidManifest.xml:7:5-9:41
MERGED from [:OpenRC] AndroidManifest.xml:7:5-9:41
MERGED from [:Turbo] AndroidManifest.xml:7:5-9:41
MERGED from [:Turbo] AndroidManifest.xml:7:5-9:41
INJECTED from src\main\AndroidManifest.xml
INJECTED from src\main\AndroidManifest.xml
	android:targetSdkVersion
		INJECTED from src\main\AndroidManifest.xml
		ADDED from src\main\AndroidManifest.xml
		INJECTED from src\main\AndroidManifest.xml
	android:minSdkVersion
		INJECTED from src\main\AndroidManifest.xml
		ADDED from src\main\AndroidManifest.xml
		INJECTED from src\main\AndroidManifest.xml
uses-permission#android.permission.RECEIVE_BOOT_COMPLETED
ADDED from [:FtcRobotController] AndroidManifest.xml:12:5-81
	android:name
		ADDED from [:FtcRobotController] AndroidManifest.xml:12:22-78
activity#org.openftc.rc.SplashActivity
ADDED from [:FtcRobotController] AndroidManifest.xml:21:9-36:20
	android:theme
		ADDED from [:FtcRobotController] AndroidManifest.xml:23:13-47
	android:name
		ADDED from [:FtcRobotController] AndroidManifest.xml:22:13-57
intent-filter#android.intent.action.MAIN+android.intent.category.LAUNCHER
ADDED from [:FtcRobotController] AndroidManifest.xml:24:13-28:29
category#android.intent.category.LAUNCHER
ADDED from [:FtcRobotController] AndroidManifest.xml:25:17-77
	android:name
		ADDED from [:FtcRobotController] AndroidManifest.xml:25:27-74
action#android.intent.action.MAIN
ADDED from [:FtcRobotController] AndroidManifest.xml:27:17-69
	android:name
		ADDED from [:FtcRobotController] AndroidManifest.xml:27:25-66
intent-filter#android.hardware.usb.action.USB_DEVICE_ATTACHED
ADDED from [:FtcRobotController] AndroidManifest.xml:29:13-31:29
action#android.hardware.usb.action.USB_DEVICE_ATTACHED
ADDED from [:FtcRobotController] AndroidManifest.xml:30:17-90
	android:name
		ADDED from [:FtcRobotController] AndroidManifest.xml:30:25-87
meta-data#android.hardware.usb.action.USB_DEVICE_ATTACHED
ADDED from [:FtcRobotController] AndroidManifest.xml:33:13-35:57
	android:resource
		ADDED from [:FtcRobotController] AndroidManifest.xml:35:17-54
	android:name
		ADDED from [:FtcRobotController] AndroidManifest.xml:34:17-79
activity#org.firstinspires.ftc.robotcontroller.internal.FtcRobotControllerActivity
ADDED from [:FtcRobotController] AndroidManifest.xml:39:9-43:47
	android:label
		ADDED from [:FtcRobotController] AndroidManifest.xml:42:13-45
	android:launchMode
		ADDED from [:FtcRobotController] AndroidManifest.xml:43:13-44
	android:configChanges
		ADDED from [:FtcRobotController] AndroidManifest.xml:41:13-59
	android:name
		ADDED from [:FtcRobotController] AndroidManifest.xml:40:13-101
service#com.qualcomm.ftccommon.FtcRobotControllerService
ADDED from [:FtcRobotController] AndroidManifest.xml:46:9-48:38
	android:enabled
		ADDED from [:FtcRobotController] AndroidManifest.xml:48:13-35
	android:name
		ADDED from [:FtcRobotController] AndroidManifest.xml:47:13-76
uses-permission#android.permission.WRITE_EXTERNAL_STORAGE
ADDED from [:Analytics-release:] AndroidManifest.xml:9:5-11:35
MERGED from [:FtcCommon] AndroidManifest.xml:12:5-14:35
MERGED from [:FtcCommon] AndroidManifest.xml:12:5-14:35
MERGED from [:RobotCore] AndroidManifest.xml:27:5-29:35
MERGED from [:RobotCore] AndroidManifest.xml:27:5-29:35
	android:required
		ADDED from [:Analytics-release:] AndroidManifest.xml:11:9-32
	android:name
		ADDED from [:Analytics-release:] AndroidManifest.xml:10:9-65
uses-permission#android.permission.INTERNET
ADDED from [:Analytics-release:] AndroidManifest.xml:12:5-14:35
MERGED from [:Inspection] AndroidManifest.xml:15:5-67
MERGED from [:Inspection] AndroidManifest.xml:15:5-67
MERGED from [:RobotCore] AndroidManifest.xml:24:5-26:35
MERGED from [:RobotCore] AndroidManifest.xml:24:5-26:35
	android:required
		ADDED from [:Analytics-release:] AndroidManifest.xml:14:9-32
	android:name
		ADDED from [:Analytics-release:] AndroidManifest.xml:13:9-51
uses-permission#android.permission.ACCESS_NETWORK_STATE
ADDED from [:Analytics-release:] AndroidManifest.xml:15:5-17:35
MERGED from [:Inspection] AndroidManifest.xml:16:5-79
MERGED from [:Inspection] AndroidManifest.xml:16:5-79
MERGED from [:RobotCore] AndroidManifest.xml:18:5-20:35
MERGED from [:RobotCore] AndroidManifest.xml:18:5-20:35
	android:required
		ADDED from [:Analytics-release:] AndroidManifest.xml:17:9-32
	android:name
		ADDED from [:Analytics-release:] AndroidManifest.xml:16:9-63
uses-library#android.test.runner
ADDED from [:Analytics-release:] AndroidManifest.xml:23:9-60
	android:name
		ADDED from [:Analytics-release:] AndroidManifest.xml:23:23-57
uses-permission#android.permission.CHANGE_WIFI_STATE
ADDED from [:WirelessP2p-release:] AndroidManifest.xml:9:5-76
MERGED from [:Inspection] AndroidManifest.xml:13:5-76
MERGED from [:Inspection] AndroidManifest.xml:13:5-76
MERGED from [:RobotCore] AndroidManifest.xml:14:5-16:35
MERGED from [:RobotCore] AndroidManifest.xml:14:5-16:35
	android:required
		ADDED from [:RobotCore] AndroidManifest.xml:16:9-32
	android:name
		ADDED from [:WirelessP2p-release:] AndroidManifest.xml:9:22-73
uses-permission#android.permission.READ_EXTERNAL_STORAGE
ADDED from [:FtcCommon] AndroidManifest.xml:15:5-17:35
MERGED from [:RobotCore] AndroidManifest.xml:30:5-32:35
MERGED from [:RobotCore] AndroidManifest.xml:30:5-32:35
	android:required
		ADDED from [:FtcCommon] AndroidManifest.xml:17:9-32
	android:name
		ADDED from [:FtcCommon] AndroidManifest.xml:16:9-64
uses-permission#android.permission.WRITE_SETTINGS
ADDED from [:FtcCommon] AndroidManifest.xml:18:5-20:35
MERGED from [:RobotCore] AndroidManifest.xml:33:5-35:35
MERGED from [:RobotCore] AndroidManifest.xml:33:5-35:35
	android:required
		ADDED from [:FtcCommon] AndroidManifest.xml:20:9-32
	android:name
		ADDED from [:FtcCommon] AndroidManifest.xml:19:9-57
activity#com.qualcomm.ftccommon.FtcRobotControllerSettingsActivity
ADDED from [:FtcCommon] AndroidManifest.xml:26:9-30:20
	android:label
		ADDED from [:FtcCommon] AndroidManifest.xml:29:13-54
	android:exported
		ADDED from [:FtcCommon] AndroidManifest.xml:28:13-36
	android:name
		ADDED from [:FtcCommon] AndroidManifest.xml:27:13-85
activity#com.qualcomm.ftccommon.configuration.FtcLoadFileActivity
ADDED from [:FtcCommon] AndroidManifest.xml:31:9-36:20
	android:label
		ADDED from [:FtcCommon] AndroidManifest.xml:35:13-55
	android:exported
		ADDED from [:FtcCommon] AndroidManifest.xml:34:13-36
	android:configChanges
		ADDED from [:FtcCommon] AndroidManifest.xml:33:13-59
	android:name
		ADDED from [:FtcCommon] AndroidManifest.xml:32:13-84
activity#com.qualcomm.ftccommon.configuration.ConfigureFromTemplateActivity
ADDED from [:FtcCommon] AndroidManifest.xml:37:9-42:20
	android:label
		ADDED from [:FtcCommon] AndroidManifest.xml:41:13-70
	android:exported
		ADDED from [:FtcCommon] AndroidManifest.xml:40:13-36
	android:configChanges
		ADDED from [:FtcCommon] AndroidManifest.xml:39:13-59
	android:name
		ADDED from [:FtcCommon] AndroidManifest.xml:38:13-94
activity#com.qualcomm.ftccommon.ViewLogsActivity
ADDED from [:FtcCommon] AndroidManifest.xml:43:9-48:20
	android:label
		ADDED from [:FtcCommon] AndroidManifest.xml:47:13-55
	android:exported
		ADDED from [:FtcCommon] AndroidManifest.xml:46:13-36
	android:configChanges
		ADDED from [:FtcCommon] AndroidManifest.xml:45:13-59
	android:name
		ADDED from [:FtcCommon] AndroidManifest.xml:44:13-67
activity#com.qualcomm.ftccommon.configuration.FtcConfigurationActivity
ADDED from [:FtcCommon] AndroidManifest.xml:49:9-53:20
	android:label
		ADDED from [:FtcCommon] AndroidManifest.xml:52:13-45
	android:configChanges
		ADDED from [:FtcCommon] AndroidManifest.xml:51:13-59
	android:name
		ADDED from [:FtcCommon] AndroidManifest.xml:50:13-89
activity#com.qualcomm.ftccommon.configuration.FtcNewFileActivity
ADDED from [:FtcCommon] AndroidManifest.xml:54:9-58:20
	android:label
		ADDED from [:FtcCommon] AndroidManifest.xml:57:13-45
	android:configChanges
		ADDED from [:FtcCommon] AndroidManifest.xml:56:13-59
	android:name
		ADDED from [:FtcCommon] AndroidManifest.xml:55:13-83
activity#com.qualcomm.ftccommon.ConfigWifiDirectActivity
ADDED from [:FtcCommon] AndroidManifest.xml:59:9-62:73
	android:label
		ADDED from [:FtcCommon] AndroidManifest.xml:62:13-70
	android:exported
		ADDED from [:FtcCommon] AndroidManifest.xml:61:13-36
	android:name
		ADDED from [:FtcCommon] AndroidManifest.xml:60:13-75
activity#com.qualcomm.ftccommon.FtcAdvancedRCSettingsActivity
ADDED from [:FtcCommon] AndroidManifest.xml:63:9-67:20
	android:label
		ADDED from [:FtcCommon] AndroidManifest.xml:66:13-60
	android:exported
		ADDED from [:FtcCommon] AndroidManifest.xml:65:13-36
	android:name
		ADDED from [:FtcCommon] AndroidManifest.xml:64:13-80
activity#com.qualcomm.ftccommon.FtcLynxFirmwareUpdateActivity
ADDED from [:FtcCommon] AndroidManifest.xml:68:9-71:20
	android:exported
		ADDED from [:FtcCommon] AndroidManifest.xml:70:13-36
	android:name
		ADDED from [:FtcCommon] AndroidManifest.xml:69:13-80
activity#com.qualcomm.ftccommon.FtcLynxModuleAddressUpdateActivity
ADDED from [:FtcCommon] AndroidManifest.xml:72:9-75:20
	android:exported
		ADDED from [:FtcCommon] AndroidManifest.xml:74:13-36
	android:name
		ADDED from [:FtcCommon] AndroidManifest.xml:73:13-85
activity#com.qualcomm.ftccommon.FtcWifiDirectChannelSelectorActivity
ADDED from [:FtcCommon] AndroidManifest.xml:76:9-80:20
	android:label
		ADDED from [:FtcCommon] AndroidManifest.xml:79:13-73
	android:exported
		ADDED from [:FtcCommon] AndroidManifest.xml:78:13-36
	android:name
		ADDED from [:FtcCommon] AndroidManifest.xml:77:13-87
activity#com.qualcomm.ftccommon.FtcWifiDirectRememberedGroupsActivity
ADDED from [:FtcCommon] AndroidManifest.xml:81:9-85:20
	android:label
		ADDED from [:FtcCommon] AndroidManifest.xml:84:13-81
	android:exported
		ADDED from [:FtcCommon] AndroidManifest.xml:83:13-36
	android:name
		ADDED from [:FtcCommon] AndroidManifest.xml:82:13-88
activity#com.qualcomm.ftccommon.AboutActivity
ADDED from [:FtcCommon] AndroidManifest.xml:86:9-89:20
	android:label
		ADDED from [:FtcCommon] AndroidManifest.xml:88:13-51
	android:name
		ADDED from [:FtcCommon] AndroidManifest.xml:87:13-64
activity#com.qualcomm.ftccommon.configuration.EditSwapUsbDevices
ADDED from [:FtcCommon] AndroidManifest.xml:90:9-95:20
	android:label
		ADDED from [:FtcCommon] AndroidManifest.xml:93:13-63
	android:windowSoftInputMode
		ADDED from [:FtcCommon] AndroidManifest.xml:94:13-54
	android:configChanges
		ADDED from [:FtcCommon] AndroidManifest.xml:92:13-59
	android:name
		ADDED from [:FtcCommon] AndroidManifest.xml:91:13-83
activity#com.qualcomm.ftccommon.configuration.EditMotorControllerActivity
ADDED from [:FtcCommon] AndroidManifest.xml:96:9-101:20
	android:label
		ADDED from [:FtcCommon] AndroidManifest.xml:99:13-67
	android:windowSoftInputMode
		ADDED from [:FtcCommon] AndroidManifest.xml:100:13-54
	android:configChanges
		ADDED from [:FtcCommon] AndroidManifest.xml:98:13-59
	android:name
		ADDED from [:FtcCommon] AndroidManifest.xml:97:13-92
activity#com.qualcomm.ftccommon.configuration.EditLegacyMotorControllerActivity
ADDED from [:FtcCommon] AndroidManifest.xml:102:9-107:20
	android:label
		ADDED from [:FtcCommon] AndroidManifest.xml:105:13-67
	android:windowSoftInputMode
		ADDED from [:FtcCommon] AndroidManifest.xml:106:13-54
	android:configChanges
		ADDED from [:FtcCommon] AndroidManifest.xml:104:13-59
	android:name
		ADDED from [:FtcCommon] AndroidManifest.xml:103:13-98
activity#com.qualcomm.ftccommon.configuration.EditMotorListActivity
ADDED from [:FtcCommon] AndroidManifest.xml:108:9-113:20
	android:label
		ADDED from [:FtcCommon] AndroidManifest.xml:111:13-67
	android:windowSoftInputMode
		ADDED from [:FtcCommon] AndroidManifest.xml:112:13-54
	android:configChanges
		ADDED from [:FtcCommon] AndroidManifest.xml:110:13-59
	android:name
		ADDED from [:FtcCommon] AndroidManifest.xml:109:13-86
activity#com.qualcomm.ftccommon.configuration.EditServoControllerActivity
ADDED from [:FtcCommon] AndroidManifest.xml:114:9-119:20
	android:label
		ADDED from [:FtcCommon] AndroidManifest.xml:117:13-67
	android:windowSoftInputMode
		ADDED from [:FtcCommon] AndroidManifest.xml:118:13-67
	android:configChanges
		ADDED from [:FtcCommon] AndroidManifest.xml:116:13-59
	android:name
		ADDED from [:FtcCommon] AndroidManifest.xml:115:13-92
activity#com.qualcomm.ftccommon.configuration.EditLegacyServoControllerActivity
ADDED from [:FtcCommon] AndroidManifest.xml:120:9-125:20
	android:label
		ADDED from [:FtcCommon] AndroidManifest.xml:123:13-67
	android:windowSoftInputMode
		ADDED from [:FtcCommon] AndroidManifest.xml:124:13-67
	android:configChanges
		ADDED from [:FtcCommon] AndroidManifest.xml:122:13-59
	android:name
		ADDED from [:FtcCommon] AndroidManifest.xml:121:13-98
activity#com.qualcomm.ftccommon.configuration.EditServoListActivity
ADDED from [:FtcCommon] AndroidManifest.xml:126:9-131:20
	android:label
		ADDED from [:FtcCommon] AndroidManifest.xml:129:13-67
	android:windowSoftInputMode
		ADDED from [:FtcCommon] AndroidManifest.xml:130:13-67
	android:configChanges
		ADDED from [:FtcCommon] AndroidManifest.xml:128:13-59
	android:name
		ADDED from [:FtcCommon] AndroidManifest.xml:127:13-86
activity#com.qualcomm.ftccommon.configuration.EditLegacyModuleControllerActivity
ADDED from [:FtcCommon] AndroidManifest.xml:132:9-137:20
	android:label
		ADDED from [:FtcCommon] AndroidManifest.xml:135:13-75
	android:windowSoftInputMode
		ADDED from [:FtcCommon] AndroidManifest.xml:136:13-67
	android:configChanges
		ADDED from [:FtcCommon] AndroidManifest.xml:134:13-59
	android:name
		ADDED from [:FtcCommon] AndroidManifest.xml:133:13-99
activity#com.qualcomm.ftccommon.configuration.EditMatrixControllerActivity
ADDED from [:FtcCommon] AndroidManifest.xml:138:9-143:20
	android:label
		ADDED from [:FtcCommon] AndroidManifest.xml:141:13-68
	android:windowSoftInputMode
		ADDED from [:FtcCommon] AndroidManifest.xml:142:13-67
	android:configChanges
		ADDED from [:FtcCommon] AndroidManifest.xml:140:13-59
	android:name
		ADDED from [:FtcCommon] AndroidManifest.xml:139:13-93
activity#com.qualcomm.ftccommon.configuration.EditDeviceInterfaceModuleActivity
ADDED from [:FtcCommon] AndroidManifest.xml:144:9-149:20
	android:label
		ADDED from [:FtcCommon] AndroidManifest.xml:147:13-90
	android:windowSoftInputMode
		ADDED from [:FtcCommon] AndroidManifest.xml:148:13-67
	android:configChanges
		ADDED from [:FtcCommon] AndroidManifest.xml:146:13-59
	android:name
		ADDED from [:FtcCommon] AndroidManifest.xml:145:13-98
activity#com.qualcomm.ftccommon.configuration.EditLynxModuleActivity
ADDED from [:FtcCommon] AndroidManifest.xml:150:9-155:20
	android:label
		ADDED from [:FtcCommon] AndroidManifest.xml:153:13-73
	android:windowSoftInputMode
		ADDED from [:FtcCommon] AndroidManifest.xml:154:13-67
	android:configChanges
		ADDED from [:FtcCommon] AndroidManifest.xml:152:13-59
	android:name
		ADDED from [:FtcCommon] AndroidManifest.xml:151:13-87
activity#com.qualcomm.ftccommon.configuration.EditLynxUsbDeviceActivity
ADDED from [:FtcCommon] AndroidManifest.xml:156:9-161:20
	android:label
		ADDED from [:FtcCommon] AndroidManifest.xml:159:13-66
	android:windowSoftInputMode
		ADDED from [:FtcCommon] AndroidManifest.xml:160:13-67
	android:configChanges
		ADDED from [:FtcCommon] AndroidManifest.xml:158:13-59
	android:name
		ADDED from [:FtcCommon] AndroidManifest.xml:157:13-90
activity#com.qualcomm.ftccommon.configuration.EditPWMDevicesActivity
ADDED from [:FtcCommon] AndroidManifest.xml:162:9-167:20
	android:label
		ADDED from [:FtcCommon] AndroidManifest.xml:165:13-62
	android:windowSoftInputMode
		ADDED from [:FtcCommon] AndroidManifest.xml:166:13-67
	android:configChanges
		ADDED from [:FtcCommon] AndroidManifest.xml:164:13-59
	android:name
		ADDED from [:FtcCommon] AndroidManifest.xml:163:13-87
activity#com.qualcomm.ftccommon.configuration.EditAnalogInputDevicesActivity
ADDED from [:FtcCommon] AndroidManifest.xml:168:9-173:20
	android:label
		ADDED from [:FtcCommon] AndroidManifest.xml:171:13-71
	android:windowSoftInputMode
		ADDED from [:FtcCommon] AndroidManifest.xml:172:13-67
	android:configChanges
		ADDED from [:FtcCommon] AndroidManifest.xml:170:13-59
	android:name
		ADDED from [:FtcCommon] AndroidManifest.xml:169:13-95
activity#com.qualcomm.ftccommon.configuration.EditDigitalDevicesActivity
ADDED from [:FtcCommon] AndroidManifest.xml:174:9-179:20
	android:label
		ADDED from [:FtcCommon] AndroidManifest.xml:177:13-66
	android:windowSoftInputMode
		ADDED from [:FtcCommon] AndroidManifest.xml:178:13-67
	android:configChanges
		ADDED from [:FtcCommon] AndroidManifest.xml:176:13-59
	android:name
		ADDED from [:FtcCommon] AndroidManifest.xml:175:13-91
activity#com.qualcomm.ftccommon.configuration.EditDigitalDevicesActivityLynx
ADDED from [:FtcCommon] AndroidManifest.xml:180:9-185:20
	android:label
		ADDED from [:FtcCommon] AndroidManifest.xml:183:13-71
	android:windowSoftInputMode
		ADDED from [:FtcCommon] AndroidManifest.xml:184:13-67
	android:configChanges
		ADDED from [:FtcCommon] AndroidManifest.xml:182:13-59
	android:name
		ADDED from [:FtcCommon] AndroidManifest.xml:181:13-95
activity#com.qualcomm.ftccommon.configuration.EditI2cDevicesActivity
ADDED from [:FtcCommon] AndroidManifest.xml:186:9-191:20
	android:label
		ADDED from [:FtcCommon] AndroidManifest.xml:189:13-62
	android:windowSoftInputMode
		ADDED from [:FtcCommon] AndroidManifest.xml:190:13-67
	android:configChanges
		ADDED from [:FtcCommon] AndroidManifest.xml:188:13-59
	android:name
		ADDED from [:FtcCommon] AndroidManifest.xml:187:13-87
activity#com.qualcomm.ftccommon.configuration.EditI2cDevicesActivityLynx
ADDED from [:FtcCommon] AndroidManifest.xml:192:9-197:20
	android:label
		ADDED from [:FtcCommon] AndroidManifest.xml:195:13-62
	android:windowSoftInputMode
		ADDED from [:FtcCommon] AndroidManifest.xml:196:13-67
	android:configChanges
		ADDED from [:FtcCommon] AndroidManifest.xml:194:13-59
	android:name
		ADDED from [:FtcCommon] AndroidManifest.xml:193:13-91
activity#com.qualcomm.ftccommon.configuration.EditAnalogOutputDevicesActivity
ADDED from [:FtcCommon] AndroidManifest.xml:198:9-203:20
	android:label
		ADDED from [:FtcCommon] AndroidManifest.xml:201:13-72
	android:windowSoftInputMode
		ADDED from [:FtcCommon] AndroidManifest.xml:202:13-67
	android:configChanges
		ADDED from [:FtcCommon] AndroidManifest.xml:200:13-59
	android:name
		ADDED from [:FtcCommon] AndroidManifest.xml:199:13-96
receiver#org.firstinspires.ftc.ftccommon.internal.RunOnBoot
ADDED from [:FtcCommon] AndroidManifest.xml:206:9-217:20
	android:enabled
		ADDED from [:FtcCommon] AndroidManifest.xml:208:13-35
	android:exported
		ADDED from [:FtcCommon] AndroidManifest.xml:209:13-36
	android:permission
		ADDED from [:FtcCommon] AndroidManifest.xml:210:13-75
	android:name
		ADDED from [:FtcCommon] AndroidManifest.xml:207:13-78
intent-filter#android.intent.action.BOOT_COMPLETED+android.intent.action.QUICKBOOT_POWERON+android.intent.category.DEFAULT
ADDED from [:FtcCommon] AndroidManifest.xml:211:13-216:29
category#android.intent.category.DEFAULT
ADDED from [:FtcCommon] AndroidManifest.xml:212:17-76
	android:name
		ADDED from [:FtcCommon] AndroidManifest.xml:212:27-73
action#android.intent.action.BOOT_COMPLETED
ADDED from [:FtcCommon] AndroidManifest.xml:214:17-79
	android:name
		ADDED from [:FtcCommon] AndroidManifest.xml:214:25-76
action#android.intent.action.QUICKBOOT_POWERON
ADDED from [:FtcCommon] AndroidManifest.xml:215:17-82
	android:name
		ADDED from [:FtcCommon] AndroidManifest.xml:215:25-79
service#org.firstinspires.ftc.ftccommon.internal.FtcRobotControllerWatchdogService
ADDED from [:FtcCommon] AndroidManifest.xml:220:9-222:38
	android:enabled
		ADDED from [:FtcCommon] AndroidManifest.xml:222:13-35
	android:name
		ADDED from [:FtcCommon] AndroidManifest.xml:221:13-102
uses-permission#android.permission.ACCESS_WIFI_STATE
ADDED from [:Inspection] AndroidManifest.xml:11:5-76
MERGED from [:RobotCore] AndroidManifest.xml:11:5-13:35
MERGED from [:RobotCore] AndroidManifest.xml:11:5-13:35
	android:required
		ADDED from [:RobotCore] AndroidManifest.xml:13:9-32
	android:name
		ADDED from [:Inspection] AndroidManifest.xml:11:22-73
uses-permission#android.permission.BLUETOOTH_ADMIN
ADDED from [:Inspection] AndroidManifest.xml:12:5-74
	android:name
		ADDED from [:Inspection] AndroidManifest.xml:12:22-71
uses-permission#android.permission.CHANGE_NETWORK_STATE
ADDED from [:Inspection] AndroidManifest.xml:14:5-79
MERGED from [:RobotCore] AndroidManifest.xml:21:5-23:35
MERGED from [:RobotCore] AndroidManifest.xml:21:5-23:35
	android:required
		ADDED from [:RobotCore] AndroidManifest.xml:23:9-32
	android:name
		ADDED from [:Inspection] AndroidManifest.xml:14:22-76
uses-permission#android.permission.BLUETOOTH
ADDED from [:Inspection] AndroidManifest.xml:17:5-68
MERGED from [:RobotCore] AndroidManifest.xml:17:5-68
MERGED from [:RobotCore] AndroidManifest.xml:17:5-68
	android:name
		ADDED from [:Inspection] AndroidManifest.xml:17:22-65
activity#org.firstinspires.inspection.DsInspectionActivity
ADDED from [:Inspection] AndroidManifest.xml:20:9-24:20
	android:label
		ADDED from [:Inspection] AndroidManifest.xml:23:13-56
	android:configChanges
		ADDED from [:Inspection] AndroidManifest.xml:22:13-59
	android:name
		ADDED from [:Inspection] AndroidManifest.xml:21:13-77
activity#org.firstinspires.inspection.RcInspectionActivity
ADDED from [:Inspection] AndroidManifest.xml:25:9-29:20
	android:label
		ADDED from [:Inspection] AndroidManifest.xml:28:13-56
	android:configChanges
		ADDED from [:Inspection] AndroidManifest.xml:27:13-59
	android:name
		ADDED from [:Inspection] AndroidManifest.xml:26:13-77
uses-permission#android.permission.SERIAL_PORT
ADDED from [:RobotCore] AndroidManifest.xml:36:5-38:35
	android:required
		ADDED from [:RobotCore] AndroidManifest.xml:38:9-32
	android:name
		ADDED from [:RobotCore] AndroidManifest.xml:37:9-54
uses-permission#android.permission.WAKE_LOCK
ADDED from [:RobotCore] AndroidManifest.xml:45:5-47:35
	android:required
		ADDED from [:RobotCore] AndroidManifest.xml:47:9-32
	android:name
		ADDED from [:RobotCore] AndroidManifest.xml:46:9-52
uses-permission#android.permission.CAMERA
ADDED from [:RobotCore] AndroidManifest.xml:48:5-65
	android:name
		ADDED from [:RobotCore] AndroidManifest.xml:48:22-62
uses-feature#android.hardware.usb.accessory
ADDED from [:RobotCore] AndroidManifest.xml:50:5-67
	android:name
		ADDED from [:RobotCore] AndroidManifest.xml:50:19-64
uses-feature#0x00020000
ADDED from [:RobotCore] AndroidManifest.xml:51:5-54
	android:glEsVersion
		ADDED from [:RobotCore] AndroidManifest.xml:51:19-51
uses-feature#android.hardware.camera
ADDED from [:RobotCore] AndroidManifest.xml:65:5-60
	android:name
		ADDED from [:RobotCore] AndroidManifest.xml:65:19-57
service#org.firstinspires.ftc.robotcore.internal.files.MediaTransferProtocolMonitorService
ADDED from [:RobotCore] AndroidManifest.xml:70:9-72:38
	android:enabled
		ADDED from [:RobotCore] AndroidManifest.xml:72:13-35
	android:name
		ADDED from [:RobotCore] AndroidManifest.xml:71:13-110
meta-data#autoStartService.org.firstinspires.ftc.robotcore.internal.files.MediaTransferProtocolMonitorService
ADDED from [:RobotCore] AndroidManifest.xml:74:9-76:41
	android:value
		ADDED from [:RobotCore] AndroidManifest.xml:76:13-38
	android:name
		ADDED from [:RobotCore] AndroidManifest.xml:75:13-127